c:\users\дмитрий\desktop\village\debug\vc120.pdb
c:\users\дмитрий\desktop\village\debug\vc120.idb
c:\users\дмитрий\desktop\village\debug\game.obj
c:\users\дмитрий\desktop\village\debug\glaction.obj
c:\users\дмитрий\desktop\village\debug\glmath.obj
c:\users\дмитрий\desktop\village\debug\globjects.obj
c:\users\дмитрий\desktop\village\debug\glscene.obj
c:\users\дмитрий\desktop\village\debug\main.obj
c:\users\дмитрий\desktop\village\debug\sound.obj
c:\users\дмитрий\desktop\village\debug\village.ilk
c:\users\дмитрий\desktop\village\debug\village.exe
c:\users\дмитрий\desktop\village\debug\village.pdb
c:\users\дмитрий\desktop\village\debug\script1.res
c:\users\дмитрий\desktop\village\.\debug\village.exe
c:\users\дмитрий\desktop\village\debug\village.tlog\cl.command.1.tlog
c:\users\дмитрий\desktop\village\debug\village.tlog\cl.read.1.tlog
c:\users\дмитрий\desktop\village\debug\village.tlog\cl.write.1.tlog
c:\users\дмитрий\desktop\village\debug\village.tlog\link.command.1.tlog
c:\users\дмитрий\desktop\village\debug\village.tlog\link.read.1.tlog
c:\users\дмитрий\desktop\village\debug\village.tlog\link.write.1.tlog
c:\users\дмитрий\desktop\village\debug\village.tlog\rc.command.1.tlog
c:\users\дмитрий\desktop\village\debug\village.tlog\rc.read.1.tlog
c:\users\дмитрий\desktop\village\debug\village.tlog\rc.write.1.tlog
